0 verbose cli /usr/local/bin/node /usr/local/bin/npm
1 info using npm@10.8.2
2 info using node@v20.19.4
3 silly config load:file:/usr/local/lib/node_modules/npm/npmrc
4 silly config load:file:/data/.npmrc
5 silly config load:file:/usr/src/node-red/.npmrc
6 silly config load:file:/usr/local/etc/npmrc
7 verbose title npm install node-red-contrib-json@0.2.0
8 verbose argv "install" "--no-audit" "--no-update-notifier" "--no-fund" "--save" "--save-prefix" "~" "--omit" "dev" "--engine-strict" "node-red-contrib-json@0.2.0"
9 verbose logfile logs-max:10 dir:/data/.npm/_logs/2025-08-09T10_13_28_093Z-
10 verbose logfile /data/.npm/_logs/2025-08-09T10_13_28_093Z-debug-0.log
11 silly packumentCache heap:4345298944 maxSize:1086324736 maxEntrySize:543162368
12 silly logfile done cleaning log files
13 silly idealTree buildDeps
14 silly fetch manifest node-red-contrib-json@0.2.0
15 silly packumentCache full:https://registry.npmjs.org/node-red-contrib-json cache-miss
16 http fetch GET 200 https://registry.npmjs.org/node-red-contrib-json 824ms (cache miss)
17 silly packumentCache full:https://registry.npmjs.org/node-red-contrib-json set size:undefined disposed:false
18 silly placeDep ROOT node-red-contrib-json@0.2.0 OK for: node-red-project@0.0.1 want: 0.2.0
19 silly fetch manifest is-utf8@>=0.2.0
20 silly packumentCache full:https://registry.npmjs.org/is-utf8 cache-miss
21 silly fetch manifest json-select@>=2.2.0
22 silly packumentCache full:https://registry.npmjs.org/json-select cache-miss
23 silly fetch manifest JSONPath@>=0.10.0
24 silly packumentCache full:https://registry.npmjs.org/JSONPath cache-miss
25 silly fetch manifest JSONSelect@>=0.4.0
26 silly packumentCache full:https://registry.npmjs.org/JSONSelect cache-miss
27 silly fetch manifest JSONStream@>=0.10.0
28 silly packumentCache full:https://registry.npmjs.org/JSONStream cache-miss
29 silly fetch manifest notevil@>=0.8.1
30 silly packumentCache full:https://registry.npmjs.org/notevil cache-miss
31 silly fetch manifest require-dir@>=0.1.0
32 silly packumentCache full:https://registry.npmjs.org/require-dir cache-miss
33 http fetch GET 200 https://registry.npmjs.org/is-utf8 68ms (cache miss)
34 silly packumentCache full:https://registry.npmjs.org/is-utf8 set size:undefined disposed:false
35 http fetch GET 200 https://registry.npmjs.org/require-dir 121ms (cache miss)
36 silly packumentCache full:https://registry.npmjs.org/require-dir set size:undefined disposed:false
37 http fetch GET 200 https://registry.npmjs.org/JSONStream 126ms (cache miss)
38 silly packumentCache full:https://registry.npmjs.org/JSONStream set size:undefined disposed:false
39 http fetch GET 200 https://registry.npmjs.org/JSONSelect 146ms (cache miss)
40 silly packumentCache full:https://registry.npmjs.org/JSONSelect set size:undefined disposed:false
41 http fetch GET 200 https://registry.npmjs.org/notevil 662ms (cache miss)
42 silly packumentCache full:https://registry.npmjs.org/notevil set size:undefined disposed:false
43 http fetch GET 200 https://registry.npmjs.org/JSONPath 665ms (cache miss)
44 silly packumentCache full:https://registry.npmjs.org/JSONPath set size:undefined disposed:false
45 http fetch GET 200 https://registry.npmjs.org/json-select 712ms (cache miss)
46 silly packumentCache full:https://registry.npmjs.org/json-select set size:undefined disposed:false
47 silly placeDep ROOT is-utf8@0.2.1 OK for: node-red-contrib-json@0.2.0 want: >=0.2.0
48 silly placeDep ROOT json-select@2.2.0 OK for: node-red-contrib-json@0.2.0 want: >=2.2.0
49 silly placeDep ROOT JSONPath@0.11.2 OK for: node-red-contrib-json@0.2.0 want: >=0.10.0
50 silly placeDep ROOT JSONSelect@0.4.0 OK for: node-red-contrib-json@0.2.0 want: >=0.4.0
51 silly placeDep ROOT JSONStream@1.3.5 OK for: node-red-contrib-json@0.2.0 want: >=0.10.0
52 silly placeDep ROOT notevil@1.3.3 OK for: node-red-contrib-json@0.2.0 want: >=0.8.1
53 silly placeDep ROOT require-dir@1.2.0 OK for: node-red-contrib-json@0.2.0 want: >=0.1.0
54 silly fetch manifest JSONStream@~0.8.0
55 silly packumentCache full:https://registry.npmjs.org/JSONStream cache-miss
56 silly fetch manifest through@>=2.2.7 <3
57 silly packumentCache full:https://registry.npmjs.org/through cache-miss
58 silly fetch manifest jsonparse@^1.2.0
59 silly packumentCache full:https://registry.npmjs.org/jsonparse cache-miss
60 silly fetch manifest esprima@~1.0
61 silly packumentCache full:https://registry.npmjs.org/esprima cache-miss
62 silly fetch manifest hoister@~0.0
63 silly packumentCache full:https://registry.npmjs.org/hoister cache-miss
64 http fetch GET 200 https://registry.npmjs.org/JSONStream 16ms (cache hit)
65 silly packumentCache full:https://registry.npmjs.org/JSONStream set size:93420 disposed:false
66 http fetch GET 200 https://registry.npmjs.org/through 46ms (cache miss)
67 silly packumentCache full:https://registry.npmjs.org/through set size:undefined disposed:false
68 http fetch GET 200 https://registry.npmjs.org/esprima 53ms (cache miss)
69 silly packumentCache full:https://registry.npmjs.org/esprima set size:undefined disposed:false
70 http fetch GET 200 https://registry.npmjs.org/jsonparse 67ms (cache miss)
71 silly packumentCache full:https://registry.npmjs.org/jsonparse set size:undefined disposed:false
72 http fetch GET 200 https://registry.npmjs.org/hoister 639ms (cache miss)
73 silly packumentCache full:https://registry.npmjs.org/hoister set size:undefined disposed:false
74 silly placeDep node_modules/json-select JSONStream@0.8.4 OK for: json-select@2.2.0 want: ~0.8.0
75 silly fetch manifest jsonparse@0.0.5
76 silly packumentCache full:https://registry.npmjs.org/jsonparse cache-miss
77 http fetch GET 200 https://registry.npmjs.org/jsonparse 2ms (cache hit)
78 silly packumentCache full:https://registry.npmjs.org/jsonparse set size:15932 disposed:false
79 silly placeDep ROOT jsonparse@1.3.1 OK for: JSONStream@1.3.5 want: ^1.2.0
80 silly placeDep ROOT through@2.3.8 OK for: JSONStream@1.3.5 want: >=2.2.7 <3
81 silly placeDep ROOT esprima@1.0.4 OK for: notevil@1.3.3 want: ~1.0
82 silly placeDep ROOT hoister@0.0.2 OK for: notevil@1.3.3 want: ~0.0
83 silly placeDep node_modules/json-select jsonparse@0.0.5 OK for: JSONStream@0.8.4 want: 0.0.5
84 silly reify moves {}
85 silly tarball no local data for hoister@https://registry.npmjs.org/hoister/-/hoister-0.0.2.tgz. Extracting by manifest.
86 silly tarball no local data for through@https://registry.npmjs.org/through/-/through-2.3.8.tgz. Extracting by manifest.
87 silly tarball no local data for esprima@https://registry.npmjs.org/esprima/-/esprima-1.0.4.tgz. Extracting by manifest.
88 silly tarball no local data for jsonparse@https://registry.npmjs.org/jsonparse/-/jsonparse-1.3.1.tgz. Extracting by manifest.
89 silly tarball no local data for notevil@https://registry.npmjs.org/notevil/-/notevil-1.3.3.tgz. Extracting by manifest.
90 silly tarball no local data for require-dir@https://registry.npmjs.org/require-dir/-/require-dir-1.2.0.tgz. Extracting by manifest.
91 silly tarball no local data for JSONStream@https://registry.npmjs.org/JSONStream/-/JSONStream-1.3.5.tgz. Extracting by manifest.
92 silly tarball no local data for JSONSelect@https://registry.npmjs.org/JSONSelect/-/JSONSelect-0.4.0.tgz. Extracting by manifest.
93 silly tarball no local data for JSONPath@https://registry.npmjs.org/JSONPath/-/JSONPath-0.11.2.tgz. Extracting by manifest.
94 silly tarball no local data for json-select@https://registry.npmjs.org/json-select/-/json-select-2.2.0.tgz. Extracting by manifest.
95 silly tarball no local data for is-utf8@https://registry.npmjs.org/is-utf8/-/is-utf8-0.2.1.tgz. Extracting by manifest.
96 silly tarball no local data for node-red-contrib-json@https://registry.npmjs.org/node-red-contrib-json/-/node-red-contrib-json-0.2.0.tgz. Extracting by manifest.
97 silly tarball no local data for jsonparse@https://registry.npmjs.org/jsonparse/-/jsonparse-0.0.5.tgz. Extracting by manifest.
98 silly tarball no local data for JSONStream@https://registry.npmjs.org/JSONStream/-/JSONStream-0.8.4.tgz. Extracting by manifest.
99 http fetch GET 200 https://registry.npmjs.org/hoister/-/hoister-0.0.2.tgz 122ms (cache miss)
100 http fetch GET 200 https://registry.npmjs.org/through/-/through-2.3.8.tgz 124ms (cache miss)
101 http fetch GET 200 https://registry.npmjs.org/notevil/-/notevil-1.3.3.tgz 145ms (cache miss)
102 warn deprecated notevil@1.3.3: Package no longer supported. Contact Support at https://www.npmjs.com/support for more info.
103 http fetch GET 200 https://registry.npmjs.org/jsonparse/-/jsonparse-1.3.1.tgz 147ms (cache miss)
104 http fetch GET 200 https://registry.npmjs.org/jsonparse/-/jsonparse-0.0.5.tgz 151ms (cache miss)
105 http fetch GET 200 https://registry.npmjs.org/is-utf8/-/is-utf8-0.2.1.tgz 154ms (cache miss)
106 http fetch GET 200 https://registry.npmjs.org/JSONPath/-/JSONPath-0.11.2.tgz 168ms (cache miss)
107 http fetch GET 200 https://registry.npmjs.org/require-dir/-/require-dir-1.2.0.tgz 179ms (cache miss)
108 http fetch GET 200 https://registry.npmjs.org/json-select/-/json-select-2.2.0.tgz 193ms (cache miss)
109 http fetch GET 200 https://registry.npmjs.org/JSONStream/-/JSONStream-1.3.5.tgz 197ms (cache miss)
110 http fetch GET 200 https://registry.npmjs.org/esprima/-/esprima-1.0.4.tgz 200ms (cache miss)
111 http fetch GET 200 https://registry.npmjs.org/JSONStream/-/JSONStream-0.8.4.tgz 197ms (cache miss)
112 http fetch GET 200 https://registry.npmjs.org/JSONSelect/-/JSONSelect-0.4.0.tgz 236ms (cache miss)
113 http fetch GET 200 https://registry.npmjs.org/node-red-contrib-json/-/node-red-contrib-json-0.2.0.tgz 784ms (cache miss)
114 silly ADD node_modules/hoister
115 silly ADD node_modules/esprima
116 silly ADD node_modules/through
117 silly ADD node_modules/jsonparse
118 silly ADD node_modules/require-dir
119 silly ADD node_modules/notevil
120 silly ADD node_modules/JSONStream
121 silly ADD node_modules/JSONSelect
122 silly ADD node_modules/JSONPath
123 silly ADD node_modules/json-select
124 silly ADD node_modules/json-select/node_modules/jsonparse
125 silly ADD node_modules/json-select/node_modules/JSONStream
126 silly ADD node_modules/is-utf8
127 silly ADD node_modules/node-red-contrib-json
128 verbose cwd /data
129 verbose os Linux 6.8.0-71-generic
130 verbose node v20.19.4
131 verbose npm  v10.8.2
132 verbose exit 0
133 info ok
